


ARM Macro Assembler    Page 1 


    1 00000000 00000800 
                       Stack_Size
                               EQU              0x0800      ; 4KB of STACK
    2 00000000         
    3 00000000                 AREA             STACK, NOINIT, READWRITE, ALIGN
=4
    4 00000000         Stack_Mem
                               SPACE            Stack_Size
    5 00000800         __initial_sp
    6 00000800         
    7 00000800         
    8 00000800 00000400 
                       Heap_Size
                               EQU              0x0400      ; 2KB of HEAP
    9 00000800         
   10 00000800                 AREA             HEAP, NOINIT, READWRITE, ALIGN=
4
   11 00000000         __heap_base
   12 00000000         Heap_Mem
                               SPACE            Heap_Size
   13 00000400         __heap_limit
   14 00000400         
   15 00000400         
   16 00000400         ; Vector Table Mapped to Address 0 at Reset
   17 00000400         
   18 00000400                 PRESERVE8
   19 00000400                 THUMB
   20 00000400         
   21 00000400                 AREA             RESET, DATA, READONLY
   22 00000000                 EXPORT           __Vectors
   23 00000000         
   24 00000000 00000000 
                       __Vectors
                               DCD              __initial_sp
   25 00000004 00000000        DCD              Reset_Handler
   26 00000008 00000000        DCD              0
   27 0000000C 00000000        DCD              0
   28 00000010 00000000        DCD              0
   29 00000014 00000000        DCD              0
   30 00000018 00000000        DCD              0
   31 0000001C 00000000        DCD              0
   32 00000020 00000000        DCD              0
   33 00000024 00000000        DCD              0
   34 00000028 00000000        DCD              0
   35 0000002C 00000000        DCD              0
   36 00000030 00000000        DCD              0
   37 00000034 00000000        DCD              0
   38 00000038 00000000        DCD              0
   39 0000003C 00000000        DCD              0
   40 00000040         
   41 00000040         ; External Interrupts
   42 00000040         
   43 00000040 00000000        DCD              UART_Handler
   44 00000044 00000000        DCD              EXT_GPIO3_ACTIVEHIGH_DEBOUNCED_
Handler
   45 00000048 00000000        DCD              EXT_OPTICAL_IRQ_IN_Handler
   46 0000004C 00000000        DCD              ADC_Handler
   47 00000050 00000000        DCD              0
   48 00000054 00000000        DCD              0



ARM Macro Assembler    Page 2 


   49 00000058 00000000        DCD              RF_Handler
   50 0000005C 00000000        DCD              RFTIMER_Handler
   51 00000060 00000000        DCD              RAWCHIPS_STARTVAL_Handler
   52 00000064 00000000        DCD              RAWCHIPS_32_Handler
   53 00000068 00000000        DCD              0
   54 0000006C 00000000        DCD              OPTICAL_SFD_Handler
   55 00000070 00000000        DCD              EXT_GPIO8_ACTIVEHIGH_Handler
   56 00000074 00000000        DCD              EXT_GPIO9_ACTIVELOW_Handler
   57 00000078 00000000        DCD              EXT_GPIO10_ACTIVELOW
   58 0000007C 00000000        DCD              0
   59 00000080         
   60 00000080                 AREA             |.text|, CODE, READONLY
   61 00000000         ;Interrupt Handlers
   62 00000000         Reset_Handler
                               PROC
   63 00000000                 GLOBAL           Reset_Handler
   64 00000000                 ENTRY
   65 00000000         
   66 00000000 4941            LDR              R1, =0xE000E100 ;Interrupt Set 
                                                            Enable Register
   67 00000002 4842            LDR              R0, =0x0000 ;<- REMEMBER TO ENA
                                                            BLE THE INTERRUPTS!
                                                            !
   68 00000004 6008            STR              R0, [R1]
   69 00000006         
   70 00000006         ;IP wake up just to solve interrupts
   71 00000006         ; LDR r0, =0xE000ED10; System Control Register address
   72 00000006         ; LDR r1, [r0]
   73 00000006         ; MOVS r2, #0x6
   74 00000006         ; ORRS r1, r2; Set SLEEPONEXIT bit
   75 00000006         ; STR r1, [r0]
   76 00000006         
   77 00000006                 IMPORT           __main
   78 00000006 4842            LDR              R0, =__main
   79 00000008 4700            BX               R0          ;Branch to __main
   80 0000000A                 ENDP
   81 0000000A         
   82 0000000A         UART_Handler
                               PROC
   83 0000000A                 EXPORT           UART_Handler
   84 0000000A                 IMPORT           uart_rx_isr
   85 0000000A         
   86 0000000A B501            PUSH             {R0,LR}
   87 0000000C         
   88 0000000C 2001            MOVS             R0, #1      ;         ;MASK all
                                                             interrupts
   89 0000000E F380 8810       MSR              PRIMASK, R0 ;         
   90 00000012         
   91 00000012 F7FF FFFE       BL               uart_rx_isr
   92 00000016         
   93 00000016         
   94 00000016 2000            MOVS             R0, #0      ;ENABLE all interru
                                                            pts
   95 00000018 F380 8810       MSR              PRIMASK, R0
   96 0000001C         
   97 0000001C BD01            POP              {R0,PC}
   98 0000001E                 ENDP
   99 0000001E         
  100 0000001E         ADC_Handler



ARM Macro Assembler    Page 3 


                               PROC
  101 0000001E                 EXPORT           ADC_Handler
  102 0000001E                 IMPORT           adc_isr
  103 0000001E         
  104 0000001E B501            PUSH             {R0,LR}
  105 00000020         
  106 00000020 2001            MOVS             R0, #1      ;         ;MASK all
                                                             interrupts
  107 00000022 F380 8810       MSR              PRIMASK, R0 ; 
  108 00000026         ;STR        R0,[R1]    
  109 00000026         
  110 00000026 F7FF FFFE       BL               adc_isr
  111 0000002A         
  112 0000002A 2000            MOVS             R0, #0      ;ENABLE all interru
                                                            pts
  113 0000002C F380 8810       MSR              PRIMASK, R0
  114 00000030         
  115 00000030 BD01            POP              {R0,PC}
  116 00000032                 ENDP
  117 00000032         
  118 00000032         RF_Handler
                               PROC
  119 00000032                 EXPORT           RF_Handler
  120 00000032                 IMPORT           radio_isr
  121 00000032         
  122 00000032 B501            PUSH             {R0,LR}
  123 00000034         
  124 00000034 2001            MOVS             R0, #1      ;         ;MASK all
                                                             interrupts
  125 00000036 F380 8810       MSR              PRIMASK, R0 ; 
  126 0000003A         ;STR        R0,[R1]    
  127 0000003A         
  128 0000003A F7FF FFFE       BL               radio_isr
  129 0000003E         
  130 0000003E 2000            MOVS             R0, #0      ;ENABLE all interru
                                                            pts
  131 00000040 F380 8810       MSR              PRIMASK, R0
  132 00000044         
  133 00000044 BD01            POP              {R0,PC}
  134 00000046                 ENDP
  135 00000046         
  136 00000046         RFTIMER_Handler
                               PROC
  137 00000046                 EXPORT           RFTIMER_Handler
  138 00000046                 IMPORT           rftimer_isr
  139 00000046         
  140 00000046 B501            PUSH             {R0,LR}
  141 00000048         
  142 00000048 2001            MOVS             R0, #1      ;         ;MASK all
                                                             interrupts
  143 0000004A F380 8810       MSR              PRIMASK, R0 ; 
  144 0000004E         ;STR        R0,[R1]    
  145 0000004E         
  146 0000004E F7FF FFFE       BL               rftimer_isr
  147 00000052         
  148 00000052 2000            MOVS             R0, #0      ;ENABLE all interru
                                                            pts
  149 00000054 F380 8810       MSR              PRIMASK, R0
  150 00000058         



ARM Macro Assembler    Page 4 


  151 00000058 BD01            POP              {R0,PC}
  152 0000005A                 ENDP
  153 0000005A         
  154 0000005A         ; -----------------------------
  155 0000005A         ; BEGIN EXTERNAL INTERRUPT ISRS
  156 0000005A         ; -----------------------------
  157 0000005A         EXT_GPIO3_ACTIVEHIGH_DEBOUNCED_Handler
                               PROC
  158 0000005A                 EXPORT           EXT_GPIO3_ACTIVEHIGH_DEBOUNCED_
Handler
  159 0000005A                 IMPORT           ext_gpio3_activehigh_debounced_
isr
  160 0000005A         
  161 0000005A B501            PUSH             {R0,LR}
  162 0000005C         
  163 0000005C 2001            MOVS             R0, #1      ;         ;MASK all
                                                             interrupts
  164 0000005E F380 8810       MSR              PRIMASK, R0 ; 
  165 00000062         ;STR        R0,[R1]    
  166 00000062         
  167 00000062 F7FF FFFE       BL               ext_gpio3_activehigh_debounced_
isr
  168 00000066         
  169 00000066 2000            MOVS             R0, #0      ;ENABLE all interru
                                                            pts
  170 00000068 F380 8810       MSR              PRIMASK, R0
  171 0000006C         
  172 0000006C BD01            POP              {R0,PC}
  173 0000006E                 ENDP
  174 0000006E         
  175 0000006E         EXT_GPIO8_ACTIVEHIGH_Handler
                               PROC
  176 0000006E                 EXPORT           EXT_GPIO8_ACTIVEHIGH_Handler
  177 0000006E                 IMPORT           ext_gpio8_activehigh_isr
  178 0000006E         
  179 0000006E B501            PUSH             {R0,LR}
  180 00000070         
  181 00000070 2001            MOVS             R0, #1      ;         ;MASK all
                                                             interrupts
  182 00000072 F380 8810       MSR              PRIMASK, R0 ; 
  183 00000076         ;STR        R0,[R1]    
  184 00000076         
  185 00000076 F7FF FFFE       BL               ext_gpio8_activehigh_isr
  186 0000007A         
  187 0000007A 2000            MOVS             R0, #0      ;ENABLE all interru
                                                            pts
  188 0000007C F380 8810       MSR              PRIMASK, R0
  189 00000080         
  190 00000080 BD01            POP              {R0,PC}
  191 00000082                 ENDP
  192 00000082         
  193 00000082         EXT_GPIO9_ACTIVELOW_Handler
                               PROC
  194 00000082                 EXPORT           EXT_GPIO9_ACTIVELOW_Handler
  195 00000082                 IMPORT           ext_gpio9_activelow_isr
  196 00000082         
  197 00000082 B501            PUSH             {R0,LR}
  198 00000084         
  199 00000084 2001            MOVS             R0, #1      ;         ;MASK all



ARM Macro Assembler    Page 5 


                                                             interrupts
  200 00000086 F380 8810       MSR              PRIMASK, R0 ; 
  201 0000008A         ;STR        R0,[R1]    
  202 0000008A         
  203 0000008A F7FF FFFE       BL               ext_gpio9_activelow_isr
  204 0000008E         
  205 0000008E 2000            MOVS             R0, #0      ;ENABLE all interru
                                                            pts
  206 00000090 F380 8810       MSR              PRIMASK, R0
  207 00000094         
  208 00000094 BD01            POP              {R0,PC}
  209 00000096                 ENDP
  210 00000096         
  211 00000096         EXT_GPIO10_ACTIVELOW
                               PROC
  212 00000096                 EXPORT           EXT_GPIO10_ACTIVELOW
  213 00000096                 IMPORT           ext_gpio10_activelow_isr
  214 00000096         
  215 00000096 B501            PUSH             {R0,LR}
  216 00000098         
  217 00000098 2001            MOVS             R0, #1      ;         ;MASK all
                                                             interrupts
  218 0000009A F380 8810       MSR              PRIMASK, R0 ; 
  219 0000009E         ;STR        R0,[R1]    
  220 0000009E         
  221 0000009E F7FF FFFE       BL               ext_gpio10_activelow_isr
  222 000000A2         
  223 000000A2 2000            MOVS             R0, #0      ;ENABLE all interru
                                                            pts
  224 000000A4 F380 8810       MSR              PRIMASK, R0
  225 000000A8         
  226 000000A8 BD01            POP              {R0,PC}
  227 000000AA                 ENDP
  228 000000AA         
  229 000000AA         ; ---------------------------
  230 000000AA         ; END EXTERNAL INTERRUPT ISRS
  231 000000AA         ; ---------------------------
  232 000000AA         
  233 000000AA         RAWCHIPS_STARTVAL_Handler
                               PROC
  234 000000AA                 EXPORT           RAWCHIPS_STARTVAL_Handler
  235 000000AA                 IMPORT           rawchips_startval_isr
  236 000000AA         
  237 000000AA B501            PUSH             {R0,LR}
  238 000000AC         
  239 000000AC 2001            MOVS             R0, #1      ;         ;MASK all
                                                             interrupts
  240 000000AE F380 8810       MSR              PRIMASK, R0 ; 
  241 000000B2         ;STR        R0,[R1]    
  242 000000B2         
  243 000000B2 F7FF FFFE       BL               rawchips_startval_isr
  244 000000B6         
  245 000000B6 2000            MOVS             R0, #0      ;ENABLE all interru
                                                            pts
  246 000000B8 F380 8810       MSR              PRIMASK, R0
  247 000000BC         
  248 000000BC BD01            POP              {R0,PC}
  249 000000BE                 ENDP
  250 000000BE         



ARM Macro Assembler    Page 6 


  251 000000BE         RAWCHIPS_32_Handler
                               PROC
  252 000000BE                 EXPORT           RAWCHIPS_32_Handler
  253 000000BE                 IMPORT           rawchips_32_isr
  254 000000BE         
  255 000000BE B501            PUSH             {R0,LR}
  256 000000C0         
  257 000000C0 2001            MOVS             R0, #1      ;         ;MASK all
                                                             interrupts
  258 000000C2 F380 8810       MSR              PRIMASK, R0 ; 
  259 000000C6         ;STR        R0,[R1]    
  260 000000C6         
  261 000000C6 F7FF FFFE       BL               rawchips_32_isr
  262 000000CA         
  263 000000CA 2000            MOVS             R0, #0      ;ENABLE all interru
                                                            pts
  264 000000CC F380 8810       MSR              PRIMASK, R0
  265 000000D0         
  266 000000D0 BD01            POP              {R0,PC}
  267 000000D2                 ENDP
  268 000000D2         
  269 000000D2         EXT_OPTICAL_IRQ_IN_Handler
                               PROC
  270 000000D2                 EXPORT           EXT_OPTICAL_IRQ_IN_Handler
  271 000000D2                 IMPORT           optical_32_isr
  272 000000D2         
  273 000000D2 B501            PUSH             {R0,LR}
  274 000000D4         
  275 000000D4 2001            MOVS             R0, #1      ;         ;MASK all
                                                             interrupts
  276 000000D6 F380 8810       MSR              PRIMASK, R0 ; 
  277 000000DA         ;STR        R0,[R1]    
  278 000000DA         
  279 000000DA F7FF FFFE       BL               optical_32_isr
  280 000000DE         
  281 000000DE 2000            MOVS             R0, #0      ;ENABLE all interru
                                                            pts
  282 000000E0 F380 8810       MSR              PRIMASK, R0
  283 000000E4         
  284 000000E4 BD01            POP              {R0,PC}
  285 000000E6                 ENDP
  286 000000E6         
  287 000000E6         OPTICAL_SFD_Handler
                               PROC
  288 000000E6                 EXPORT           OPTICAL_SFD_Handler
  289 000000E6                 IMPORT           optical_sfd_isr
  290 000000E6         
  291 000000E6 B501            PUSH             {R0,LR}
  292 000000E8         
  293 000000E8 2001            MOVS             R0, #1      ;         ;MASK all
                                                             interrupts
  294 000000EA F380 8810       MSR              PRIMASK, R0 ; 
  295 000000EE         ;STR        R0,[R1]    
  296 000000EE         
  297 000000EE F7FF FFFE       BL               optical_sfd_isr
  298 000000F2         
  299 000000F2 2000            MOVS             R0, #0      ;ENABLE all interru
                                                            pts
  300 000000F4 F380 8810       MSR              PRIMASK, R0



ARM Macro Assembler    Page 7 


  301 000000F8         
  302 000000F8 BD01            POP              {R0,PC}
  303 000000FA                 ENDP
  304 000000FA         
  305 000000FA 00 00           ALIGN            4
  306 000000FC         
  307 000000FC         ; User Initial Stack & Heap
  308 000000FC                 IF               :DEF:__MICROLIB
  313 000000FC                 IMPORT           __use_two_region_memory
  314 000000FC                 EXPORT           __user_initial_stackheap
  315 000000FC         __user_initial_stackheap
  316 000000FC         
  317 000000FC 4805            LDR              R0, =  Heap_Mem
  318 000000FE 4906            LDR              R1, =(Stack_Mem + Stack_Size)
  319 00000100 4A06            LDR              R2, = (Heap_Mem +  Heap_Size)
  320 00000102 4B07            LDR              R3, = Stack_Mem
  321 00000104 4770            BX               LR
  322 00000106         
  323 00000106 00 00           ALIGN
  324 00000108         
  325 00000108                 ENDIF
  326 00000108         
  327 00000108                 END
              E000E100 
              00000000 
              00000000 
              00000000 
              00000800 
              00000400 
              00000000 
Command Line: --16 --debug --xref --diag_suppress=9931 --cpu=Cortex-M0 --apcs=i
nterwork --depend=.\objects\cm0dsasm.d -o.\objects\cm0dsasm.o -I.\RTE\_sensor_a
dc -IC:\Keil_v5\ARM\PACK\ARM\CMSIS\5.3.0\Device\ARM\ARMCM0\Include -IC:\Keil_v5
\ARM\CMSIS\Include -IC:\Keil_v5\ARM\PACK\ARM\CMSIS\5.3.0\Device\Include --prede
fine="__UVISION_VERSION SETA 525" --predefine="ARMCM0 SETA 1" --list=.\listings
\cm0dsasm.lst cm0dsasm.s



ARM Macro Assembler    Page 1 Alphabetic symbol ordering
Relocatable symbols

STACK 00000000

Symbol: STACK
   Definitions
      At line 3 in file cm0dsasm.s
   Uses
      None
Comment: STACK unused
Stack_Mem 00000000

Symbol: Stack_Mem
   Definitions
      At line 4 in file cm0dsasm.s
   Uses
      At line 318 in file cm0dsasm.s
      At line 320 in file cm0dsasm.s

__initial_sp 00000800

Symbol: __initial_sp
   Definitions
      At line 5 in file cm0dsasm.s
   Uses
      At line 24 in file cm0dsasm.s
Comment: __initial_sp used once
3 symbols



ARM Macro Assembler    Page 1 Alphabetic symbol ordering
Relocatable symbols

HEAP 00000000

Symbol: HEAP
   Definitions
      At line 10 in file cm0dsasm.s
   Uses
      None
Comment: HEAP unused
Heap_Mem 00000000

Symbol: Heap_Mem
   Definitions
      At line 12 in file cm0dsasm.s
   Uses
      At line 317 in file cm0dsasm.s
      At line 319 in file cm0dsasm.s

__heap_base 00000000

Symbol: __heap_base
   Definitions
      At line 11 in file cm0dsasm.s
   Uses
      None
Comment: __heap_base unused
__heap_limit 00000400

Symbol: __heap_limit
   Definitions
      At line 13 in file cm0dsasm.s
   Uses
      None
Comment: __heap_limit unused
4 symbols



ARM Macro Assembler    Page 1 Alphabetic symbol ordering
Relocatable symbols

RESET 00000000

Symbol: RESET
   Definitions
      At line 21 in file cm0dsasm.s
   Uses
      None
Comment: RESET unused
__Vectors 00000000

Symbol: __Vectors
   Definitions
      At line 24 in file cm0dsasm.s
   Uses
      At line 22 in file cm0dsasm.s
Comment: __Vectors used once
2 symbols



ARM Macro Assembler    Page 1 Alphabetic symbol ordering
Relocatable symbols

.text 00000000

Symbol: .text
   Definitions
      At line 60 in file cm0dsasm.s
   Uses
      None
Comment: .text unused
ADC_Handler 0000001E

Symbol: ADC_Handler
   Definitions
      At line 100 in file cm0dsasm.s
   Uses
      At line 46 in file cm0dsasm.s
      At line 101 in file cm0dsasm.s

EXT_GPIO10_ACTIVELOW 00000096

Symbol: EXT_GPIO10_ACTIVELOW
   Definitions
      At line 211 in file cm0dsasm.s
   Uses
      At line 57 in file cm0dsasm.s
      At line 212 in file cm0dsasm.s

EXT_GPIO3_ACTIVEHIGH_DEBOUNCED_Handler 0000005A

Symbol: EXT_GPIO3_ACTIVEHIGH_DEBOUNCED_Handler
   Definitions
      At line 157 in file cm0dsasm.s
   Uses
      At line 44 in file cm0dsasm.s
      At line 158 in file cm0dsasm.s

EXT_GPIO8_ACTIVEHIGH_Handler 0000006E

Symbol: EXT_GPIO8_ACTIVEHIGH_Handler
   Definitions
      At line 175 in file cm0dsasm.s
   Uses
      At line 55 in file cm0dsasm.s
      At line 176 in file cm0dsasm.s

EXT_GPIO9_ACTIVELOW_Handler 00000082

Symbol: EXT_GPIO9_ACTIVELOW_Handler
   Definitions
      At line 193 in file cm0dsasm.s
   Uses
      At line 56 in file cm0dsasm.s
      At line 194 in file cm0dsasm.s

EXT_OPTICAL_IRQ_IN_Handler 000000D2

Symbol: EXT_OPTICAL_IRQ_IN_Handler
   Definitions
      At line 269 in file cm0dsasm.s
   Uses



ARM Macro Assembler    Page 2 Alphabetic symbol ordering
Relocatable symbols

      At line 45 in file cm0dsasm.s
      At line 270 in file cm0dsasm.s

OPTICAL_SFD_Handler 000000E6

Symbol: OPTICAL_SFD_Handler
   Definitions
      At line 287 in file cm0dsasm.s
   Uses
      At line 54 in file cm0dsasm.s
      At line 288 in file cm0dsasm.s

RAWCHIPS_32_Handler 000000BE

Symbol: RAWCHIPS_32_Handler
   Definitions
      At line 251 in file cm0dsasm.s
   Uses
      At line 52 in file cm0dsasm.s
      At line 252 in file cm0dsasm.s

RAWCHIPS_STARTVAL_Handler 000000AA

Symbol: RAWCHIPS_STARTVAL_Handler
   Definitions
      At line 233 in file cm0dsasm.s
   Uses
      At line 51 in file cm0dsasm.s
      At line 234 in file cm0dsasm.s

RFTIMER_Handler 00000046

Symbol: RFTIMER_Handler
   Definitions
      At line 136 in file cm0dsasm.s
   Uses
      At line 50 in file cm0dsasm.s
      At line 137 in file cm0dsasm.s

RF_Handler 00000032

Symbol: RF_Handler
   Definitions
      At line 118 in file cm0dsasm.s
   Uses
      At line 49 in file cm0dsasm.s
      At line 119 in file cm0dsasm.s

Reset_Handler 00000000

Symbol: Reset_Handler
   Definitions
      At line 62 in file cm0dsasm.s
   Uses
      At line 25 in file cm0dsasm.s
      At line 63 in file cm0dsasm.s

UART_Handler 0000000A




ARM Macro Assembler    Page 3 Alphabetic symbol ordering
Relocatable symbols

Symbol: UART_Handler
   Definitions
      At line 82 in file cm0dsasm.s
   Uses
      At line 43 in file cm0dsasm.s
      At line 83 in file cm0dsasm.s

__user_initial_stackheap 000000FC

Symbol: __user_initial_stackheap
   Definitions
      At line 315 in file cm0dsasm.s
   Uses
      At line 314 in file cm0dsasm.s
Comment: __user_initial_stackheap used once
15 symbols



ARM Macro Assembler    Page 1 Alphabetic symbol ordering
Absolute symbols

Heap_Size 00000400

Symbol: Heap_Size
   Definitions
      At line 8 in file cm0dsasm.s
   Uses
      At line 12 in file cm0dsasm.s
      At line 319 in file cm0dsasm.s

Stack_Size 00000800

Symbol: Stack_Size
   Definitions
      At line 1 in file cm0dsasm.s
   Uses
      At line 4 in file cm0dsasm.s
      At line 318 in file cm0dsasm.s

2 symbols



ARM Macro Assembler    Page 1 Alphabetic symbol ordering
External symbols

__main 00000000

Symbol: __main
   Definitions
      At line 77 in file cm0dsasm.s
   Uses
      At line 78 in file cm0dsasm.s
Comment: __main used once
__use_two_region_memory 00000000

Symbol: __use_two_region_memory
   Definitions
      At line 313 in file cm0dsasm.s
   Uses
      None
Comment: __use_two_region_memory unused
adc_isr 00000000

Symbol: adc_isr
   Definitions
      At line 102 in file cm0dsasm.s
   Uses
      At line 110 in file cm0dsasm.s
Comment: adc_isr used once
ext_gpio10_activelow_isr 00000000

Symbol: ext_gpio10_activelow_isr
   Definitions
      At line 213 in file cm0dsasm.s
   Uses
      At line 221 in file cm0dsasm.s
Comment: ext_gpio10_activelow_isr used once
ext_gpio3_activehigh_debounced_isr 00000000

Symbol: ext_gpio3_activehigh_debounced_isr
   Definitions
      At line 159 in file cm0dsasm.s
   Uses
      At line 167 in file cm0dsasm.s
Comment: ext_gpio3_activehigh_debounced_isr used once
ext_gpio8_activehigh_isr 00000000

Symbol: ext_gpio8_activehigh_isr
   Definitions
      At line 177 in file cm0dsasm.s
   Uses
      At line 185 in file cm0dsasm.s
Comment: ext_gpio8_activehigh_isr used once
ext_gpio9_activelow_isr 00000000

Symbol: ext_gpio9_activelow_isr
   Definitions
      At line 195 in file cm0dsasm.s
   Uses
      At line 203 in file cm0dsasm.s
Comment: ext_gpio9_activelow_isr used once
optical_32_isr 00000000

Symbol: optical_32_isr



ARM Macro Assembler    Page 2 Alphabetic symbol ordering
External symbols

   Definitions
      At line 271 in file cm0dsasm.s
   Uses
      At line 279 in file cm0dsasm.s
Comment: optical_32_isr used once
optical_sfd_isr 00000000

Symbol: optical_sfd_isr
   Definitions
      At line 289 in file cm0dsasm.s
   Uses
      At line 297 in file cm0dsasm.s
Comment: optical_sfd_isr used once
radio_isr 00000000

Symbol: radio_isr
   Definitions
      At line 120 in file cm0dsasm.s
   Uses
      At line 128 in file cm0dsasm.s
Comment: radio_isr used once
rawchips_32_isr 00000000

Symbol: rawchips_32_isr
   Definitions
      At line 253 in file cm0dsasm.s
   Uses
      At line 261 in file cm0dsasm.s
Comment: rawchips_32_isr used once
rawchips_startval_isr 00000000

Symbol: rawchips_startval_isr
   Definitions
      At line 235 in file cm0dsasm.s
   Uses
      At line 243 in file cm0dsasm.s
Comment: rawchips_startval_isr used once
rftimer_isr 00000000

Symbol: rftimer_isr
   Definitions
      At line 138 in file cm0dsasm.s
   Uses
      At line 146 in file cm0dsasm.s
Comment: rftimer_isr used once
uart_rx_isr 00000000

Symbol: uart_rx_isr
   Definitions
      At line 84 in file cm0dsasm.s
   Uses
      At line 91 in file cm0dsasm.s
Comment: uart_rx_isr used once
14 symbols
376 symbols in table
